2021-02-22 17:24:15.793 [restartedMain] INFO  org.springframework.boot.StartupInfoLogger.logStarting(StartupInfoLogger.java:55) - Starting PlatformsApplication using Java 1.8.0_251 on DESKTOP-J7M966S with PID 12896 (D:\my_dream\platforms\target\classes started by www in D:\my_dream\platforms)
2021-02-22 17:24:15.807 [restartedMain] INFO  org.springframework.boot.SpringApplication.logStartupProfileInfo(SpringApplication.java:660) - No active profile set, falling back to default profiles: default
2021-02-22 17:24:15.862 [restartedMain] INFO  org.springframework.boot.logging.DeferredLog.logTo(DeferredLog.java:255) - Devtools property defaults active! Set 'spring.devtools.add-properties' to 'false' to disable
2021-02-22 17:24:15.863 [restartedMain] INFO  org.springframework.boot.logging.DeferredLog.logTo(DeferredLog.java:255) - For additional web related logging consider setting the 'logging.level.web' property to 'DEBUG'
2021-02-22 17:24:16.926 [restartedMain] INFO  org.springframework.data.repository.config.RepositoryConfigurationDelegate.multipleStoresDetected(RepositoryConfigurationDelegate.java:250) - Multiple Spring Data modules found, entering strict repository configuration mode!
2021-02-22 17:24:16.926 [restartedMain] INFO  org.springframework.data.repository.config.RepositoryConfigurationDelegate.registerRepositoriesIn(RepositoryConfigurationDelegate.java:128) - Bootstrapping Spring Data JPA repositories in DEFAULT mode.
2021-02-22 17:24:16.949 [restartedMain] INFO  org.springframework.data.repository.config.RepositoryConfigurationDelegate.registerRepositoriesIn(RepositoryConfigurationDelegate.java:188) - Finished Spring Data repository scanning in 10 ms. Found 0 JPA repository interfaces.
2021-02-22 17:24:16.968 [restartedMain] INFO  org.springframework.data.repository.config.RepositoryConfigurationDelegate.multipleStoresDetected(RepositoryConfigurationDelegate.java:250) - Multiple Spring Data modules found, entering strict repository configuration mode!
2021-02-22 17:24:16.970 [restartedMain] INFO  org.springframework.data.repository.config.RepositoryConfigurationDelegate.registerRepositoriesIn(RepositoryConfigurationDelegate.java:128) - Bootstrapping Spring Data Redis repositories in DEFAULT mode.
2021-02-22 17:24:16.985 [restartedMain] INFO  org.springframework.data.repository.config.RepositoryConfigurationDelegate.registerRepositoriesIn(RepositoryConfigurationDelegate.java:188) - Finished Spring Data repository scanning in 3 ms. Found 0 Redis repository interfaces.
2021-02-22 17:24:17.592 [restartedMain] INFO  org.springframework.boot.web.embedded.tomcat.TomcatWebServer.initialize(TomcatWebServer.java:108) - Tomcat initialized with port(s): 8085 (http)
2021-02-22 17:24:17.639 [restartedMain] INFO  org.apache.juli.logging.DirectJDKLog.log(DirectJDKLog.java:173) - Initializing ProtocolHandler ["http-nio-8085"]
2021-02-22 17:24:17.639 [restartedMain] INFO  org.apache.juli.logging.DirectJDKLog.log(DirectJDKLog.java:173) - Starting service [Tomcat]
2021-02-22 17:24:17.639 [restartedMain] INFO  org.apache.juli.logging.DirectJDKLog.log(DirectJDKLog.java:173) - Starting Servlet engine: [Apache Tomcat/9.0.41]
2021-02-22 17:24:17.765 [restartedMain] INFO  org.apache.juli.logging.DirectJDKLog.log(DirectJDKLog.java:173) - Initializing Spring embedded WebApplicationContext
2021-02-22 17:24:17.766 [restartedMain] INFO  org.springframework.boot.web.servlet.context.ServletWebServerApplicationContext.prepareWebApplicationContext(ServletWebServerApplicationContext.java:289) - Root WebApplicationContext: initialization completed in 1901 ms
2021-02-22 17:24:17.846 [restartedMain] INFO  com.alibaba.druid.spring.boot.autoconfigure.DruidDataSourceAutoConfigure.dataSource(DruidDataSourceAutoConfigure.java:56) - Init DruidDataSource
2021-02-22 17:24:17.989 [restartedMain] INFO  com.alibaba.druid.pool.DruidDataSource.init(DruidDataSource.java:930) - {dataSource-1} inited
2021-02-22 17:24:52.345 [restartedMain] INFO  org.springframework.boot.StartupInfoLogger.logStarting(StartupInfoLogger.java:55) - Starting PlatformsApplication using Java 1.8.0_251 on DESKTOP-J7M966S with PID 19280 (D:\my_dream\platforms\target\classes started by www in D:\my_dream\platforms)
2021-02-22 17:24:52.352 [restartedMain] INFO  org.springframework.boot.SpringApplication.logStartupProfileInfo(SpringApplication.java:660) - No active profile set, falling back to default profiles: default
2021-02-22 17:24:52.386 [restartedMain] INFO  org.springframework.boot.logging.DeferredLog.logTo(DeferredLog.java:255) - Devtools property defaults active! Set 'spring.devtools.add-properties' to 'false' to disable
2021-02-22 17:24:52.386 [restartedMain] INFO  org.springframework.boot.logging.DeferredLog.logTo(DeferredLog.java:255) - For additional web related logging consider setting the 'logging.level.web' property to 'DEBUG'
2021-02-22 17:24:52.925 [restartedMain] INFO  org.springframework.data.repository.config.RepositoryConfigurationDelegate.multipleStoresDetected(RepositoryConfigurationDelegate.java:250) - Multiple Spring Data modules found, entering strict repository configuration mode!
2021-02-22 17:24:52.925 [restartedMain] INFO  org.springframework.data.repository.config.RepositoryConfigurationDelegate.registerRepositoriesIn(RepositoryConfigurationDelegate.java:128) - Bootstrapping Spring Data JPA repositories in DEFAULT mode.
2021-02-22 17:24:52.939 [restartedMain] INFO  org.springframework.data.repository.config.RepositoryConfigurationDelegate.registerRepositoriesIn(RepositoryConfigurationDelegate.java:188) - Finished Spring Data repository scanning in 7 ms. Found 0 JPA repository interfaces.
2021-02-22 17:24:52.953 [restartedMain] INFO  org.springframework.data.repository.config.RepositoryConfigurationDelegate.multipleStoresDetected(RepositoryConfigurationDelegate.java:250) - Multiple Spring Data modules found, entering strict repository configuration mode!
2021-02-22 17:24:52.954 [restartedMain] INFO  org.springframework.data.repository.config.RepositoryConfigurationDelegate.registerRepositoriesIn(RepositoryConfigurationDelegate.java:128) - Bootstrapping Spring Data Redis repositories in DEFAULT mode.
2021-02-22 17:24:52.965 [restartedMain] INFO  org.springframework.data.repository.config.RepositoryConfigurationDelegate.registerRepositoriesIn(RepositoryConfigurationDelegate.java:188) - Finished Spring Data repository scanning in 3 ms. Found 0 Redis repository interfaces.
2021-02-22 17:24:53.470 [restartedMain] INFO  org.springframework.boot.web.embedded.tomcat.TomcatWebServer.initialize(TomcatWebServer.java:108) - Tomcat initialized with port(s): 8085 (http)
2021-02-22 17:24:53.516 [restartedMain] INFO  org.apache.juli.logging.DirectJDKLog.log(DirectJDKLog.java:173) - Initializing ProtocolHandler ["http-nio-8085"]
2021-02-22 17:24:53.516 [restartedMain] INFO  org.apache.juli.logging.DirectJDKLog.log(DirectJDKLog.java:173) - Starting service [Tomcat]
2021-02-22 17:24:53.517 [restartedMain] INFO  org.apache.juli.logging.DirectJDKLog.log(DirectJDKLog.java:173) - Starting Servlet engine: [Apache Tomcat/9.0.41]
2021-02-22 17:24:53.628 [restartedMain] INFO  org.apache.juli.logging.DirectJDKLog.log(DirectJDKLog.java:173) - Initializing Spring embedded WebApplicationContext
2021-02-22 17:24:53.628 [restartedMain] INFO  org.springframework.boot.web.servlet.context.ServletWebServerApplicationContext.prepareWebApplicationContext(ServletWebServerApplicationContext.java:289) - Root WebApplicationContext: initialization completed in 1241 ms
2021-02-22 17:24:53.692 [restartedMain] INFO  com.alibaba.druid.spring.boot.autoconfigure.DruidDataSourceAutoConfigure.dataSource(DruidDataSourceAutoConfigure.java:56) - Init DruidDataSource
2021-02-22 17:24:53.824 [restartedMain] INFO  com.alibaba.druid.pool.DruidDataSource.init(DruidDataSource.java:930) - {dataSource-1} inited
2021-02-22 17:25:02.883 [restartedMain] INFO  org.hibernate.jpa.internal.util.LogHelper.logPersistenceUnitInformation(LogHelper.java:31) - HHH000204: Processing PersistenceUnitInfo [name: default]
2021-02-22 17:25:03.000 [restartedMain] INFO  org.hibernate.Version.logVersion(Version.java:44) - HHH000412: Hibernate ORM core version 5.4.27.Final
2021-02-22 17:25:03.244 [restartedMain] INFO  org.hibernate.annotations.common.reflection.java.JavaReflectionManager.<clinit>(JavaReflectionManager.java:56) - HCANN000001: Hibernate Commons Annotations {5.1.2.Final}
2021-02-22 17:25:03.488 [restartedMain] INFO  org.hibernate.dialect.Dialect.<init>(Dialect.java:175) - HHH000400: Using dialect: org.hibernate.dialect.MySQL8Dialect
2021-02-22 17:25:03.864 [restartedMain] INFO  org.hibernate.engine.transaction.jta.platform.internal.JtaPlatformInitiator.initiateService(JtaPlatformInitiator.java:52) - HHH000490: Using JtaPlatform implementation: [org.hibernate.engine.transaction.jta.platform.internal.NoJtaPlatform]
2021-02-22 17:25:03.875 [restartedMain] INFO  org.springframework.orm.jpa.AbstractEntityManagerFactoryBean.buildNativeEntityManagerFactory(AbstractEntityManagerFactoryBean.java:437) - Initialized JPA EntityManagerFactory for persistence unit 'default'
2021-02-22 17:25:04.322 [restartedMain] WARN  org.springframework.boot.autoconfigure.orm.jpa.JpaBaseConfiguration$JpaWebConfiguration.openEntityManagerInViewInterceptor(JpaBaseConfiguration.java:221) - spring.jpa.open-in-view is enabled by default. Therefore, database queries may be performed during view rendering. Explicitly configure spring.jpa.open-in-view to disable this warning
2021-02-22 17:25:04.386 [restartedMain] INFO  org.springframework.scheduling.concurrent.ExecutorConfigurationSupport.initialize(ExecutorConfigurationSupport.java:181) - Initializing ExecutorService 'applicationTaskExecutor'
2021-02-22 17:25:05.099 [restartedMain] INFO  org.springframework.boot.devtools.autoconfigure.OptionalLiveReloadServer.startServer(OptionalLiveReloadServer.java:58) - LiveReload server is running on port 35729
2021-02-22 17:25:05.129 [restartedMain] INFO  org.apache.juli.logging.DirectJDKLog.log(DirectJDKLog.java:173) - Starting ProtocolHandler ["http-nio-8085"]
2021-02-22 17:25:05.147 [restartedMain] INFO  org.springframework.boot.web.embedded.tomcat.TomcatWebServer.start(TomcatWebServer.java:220) - Tomcat started on port(s): 8085 (http) with context path ''
2021-02-22 17:25:05.157 [restartedMain] INFO  org.springframework.boot.StartupInfoLogger.logStarted(StartupInfoLogger.java:61) - Started PlatformsApplication in 13.255 seconds (JVM running for 15.119)
2021-02-22 17:40:33.908 [restartedMain] INFO  org.springframework.boot.StartupInfoLogger.logStarting(StartupInfoLogger.java:55) - Starting PlatformsApplication using Java 1.8.0_251 on DESKTOP-J7M966S with PID 11980 (D:\my_dream\platforms\target\classes started by www in D:\my_dream\platforms)
2021-02-22 17:40:33.915 [restartedMain] INFO  org.springframework.boot.SpringApplication.logStartupProfileInfo(SpringApplication.java:660) - No active profile set, falling back to default profiles: default
2021-02-22 17:40:33.958 [restartedMain] INFO  org.springframework.boot.logging.DeferredLog.logTo(DeferredLog.java:255) - Devtools property defaults active! Set 'spring.devtools.add-properties' to 'false' to disable
2021-02-22 17:40:33.958 [restartedMain] INFO  org.springframework.boot.logging.DeferredLog.logTo(DeferredLog.java:255) - For additional web related logging consider setting the 'logging.level.web' property to 'DEBUG'
2021-02-22 17:40:34.552 [restartedMain] INFO  org.springframework.data.repository.config.RepositoryConfigurationDelegate.multipleStoresDetected(RepositoryConfigurationDelegate.java:250) - Multiple Spring Data modules found, entering strict repository configuration mode!
2021-02-22 17:40:34.552 [restartedMain] INFO  org.springframework.data.repository.config.RepositoryConfigurationDelegate.registerRepositoriesIn(RepositoryConfigurationDelegate.java:128) - Bootstrapping Spring Data JPA repositories in DEFAULT mode.
2021-02-22 17:40:34.566 [restartedMain] INFO  org.springframework.data.repository.config.RepositoryConfigurationDelegate.registerRepositoriesIn(RepositoryConfigurationDelegate.java:188) - Finished Spring Data repository scanning in 7 ms. Found 0 JPA repository interfaces.
2021-02-22 17:40:34.580 [restartedMain] INFO  org.springframework.data.repository.config.RepositoryConfigurationDelegate.multipleStoresDetected(RepositoryConfigurationDelegate.java:250) - Multiple Spring Data modules found, entering strict repository configuration mode!
2021-02-22 17:40:34.581 [restartedMain] INFO  org.springframework.data.repository.config.RepositoryConfigurationDelegate.registerRepositoriesIn(RepositoryConfigurationDelegate.java:128) - Bootstrapping Spring Data Redis repositories in DEFAULT mode.
2021-02-22 17:40:34.591 [restartedMain] INFO  org.springframework.data.repository.config.RepositoryConfigurationDelegate.registerRepositoriesIn(RepositoryConfigurationDelegate.java:188) - Finished Spring Data repository scanning in 3 ms. Found 0 Redis repository interfaces.
2021-02-22 17:40:35.108 [restartedMain] INFO  org.springframework.boot.web.embedded.tomcat.TomcatWebServer.initialize(TomcatWebServer.java:108) - Tomcat initialized with port(s): 8085 (http)
2021-02-22 17:40:35.153 [restartedMain] INFO  org.apache.juli.logging.DirectJDKLog.log(DirectJDKLog.java:173) - Initializing ProtocolHandler ["http-nio-8085"]
2021-02-22 17:40:35.153 [restartedMain] INFO  org.apache.juli.logging.DirectJDKLog.log(DirectJDKLog.java:173) - Starting service [Tomcat]
2021-02-22 17:40:35.154 [restartedMain] INFO  org.apache.juli.logging.DirectJDKLog.log(DirectJDKLog.java:173) - Starting Servlet engine: [Apache Tomcat/9.0.41]
2021-02-22 17:40:35.270 [restartedMain] INFO  org.apache.juli.logging.DirectJDKLog.log(DirectJDKLog.java:173) - Initializing Spring embedded WebApplicationContext
2021-02-22 17:40:35.270 [restartedMain] INFO  org.springframework.boot.web.servlet.context.ServletWebServerApplicationContext.prepareWebApplicationContext(ServletWebServerApplicationContext.java:289) - Root WebApplicationContext: initialization completed in 1311 ms
2021-02-22 17:40:35.335 [restartedMain] INFO  com.alibaba.druid.spring.boot.autoconfigure.DruidDataSourceAutoConfigure.dataSource(DruidDataSourceAutoConfigure.java:56) - Init DruidDataSource
2021-02-22 17:40:35.454 [restartedMain] INFO  com.alibaba.druid.pool.DruidDataSource.init(DruidDataSource.java:930) - {dataSource-1} inited
2021-02-22 17:40:37.715 [restartedMain] INFO  org.hibernate.jpa.internal.util.LogHelper.logPersistenceUnitInformation(LogHelper.java:31) - HHH000204: Processing PersistenceUnitInfo [name: default]
2021-02-22 17:40:37.757 [restartedMain] INFO  org.hibernate.Version.logVersion(Version.java:44) - HHH000412: Hibernate ORM core version 5.4.27.Final
2021-02-22 17:40:37.867 [restartedMain] INFO  org.hibernate.annotations.common.reflection.java.JavaReflectionManager.<clinit>(JavaReflectionManager.java:56) - HCANN000001: Hibernate Commons Annotations {5.1.2.Final}
2021-02-22 17:40:37.974 [restartedMain] INFO  org.hibernate.dialect.Dialect.<init>(Dialect.java:175) - HHH000400: Using dialect: org.hibernate.dialect.MySQL8Dialect
2021-02-22 17:40:38.161 [restartedMain] INFO  org.hibernate.engine.transaction.jta.platform.internal.JtaPlatformInitiator.initiateService(JtaPlatformInitiator.java:52) - HHH000490: Using JtaPlatform implementation: [org.hibernate.engine.transaction.jta.platform.internal.NoJtaPlatform]
2021-02-22 17:40:38.175 [restartedMain] INFO  org.springframework.orm.jpa.AbstractEntityManagerFactoryBean.buildNativeEntityManagerFactory(AbstractEntityManagerFactoryBean.java:437) - Initialized JPA EntityManagerFactory for persistence unit 'default'
2021-02-22 17:40:38.493 [restartedMain] WARN  org.springframework.boot.autoconfigure.orm.jpa.JpaBaseConfiguration$JpaWebConfiguration.openEntityManagerInViewInterceptor(JpaBaseConfiguration.java:221) - spring.jpa.open-in-view is enabled by default. Therefore, database queries may be performed during view rendering. Explicitly configure spring.jpa.open-in-view to disable this warning
2021-02-22 17:40:38.560 [restartedMain] INFO  org.springframework.scheduling.concurrent.ExecutorConfigurationSupport.initialize(ExecutorConfigurationSupport.java:181) - Initializing ExecutorService 'applicationTaskExecutor'
2021-02-22 17:40:39.028 [restartedMain] INFO  org.springframework.boot.devtools.autoconfigure.OptionalLiveReloadServer.startServer(OptionalLiveReloadServer.java:58) - LiveReload server is running on port 35729
2021-02-22 17:40:39.054 [restartedMain] INFO  org.apache.juli.logging.DirectJDKLog.log(DirectJDKLog.java:173) - Starting ProtocolHandler ["http-nio-8085"]
2021-02-22 17:40:39.071 [restartedMain] INFO  org.springframework.boot.web.embedded.tomcat.TomcatWebServer.start(TomcatWebServer.java:220) - Tomcat started on port(s): 8085 (http) with context path ''
2021-02-22 17:40:39.081 [restartedMain] INFO  org.springframework.boot.StartupInfoLogger.logStarted(StartupInfoLogger.java:61) - Started PlatformsApplication in 5.834 seconds (JVM running for 7.909)
2021-02-22 17:41:05.690 [Thread-14] INFO  org.springframework.scheduling.concurrent.ExecutorConfigurationSupport.shutdown(ExecutorConfigurationSupport.java:218) - Shutting down ExecutorService 'applicationTaskExecutor'
2021-02-22 17:41:05.690 [Thread-14] INFO  org.springframework.orm.jpa.AbstractEntityManagerFactoryBean.destroy(AbstractEntityManagerFactoryBean.java:651) - Closing JPA EntityManagerFactory for persistence unit 'default'
2021-02-22 17:41:05.694 [Thread-14] INFO  com.alibaba.druid.pool.DruidDataSource.close(DruidDataSource.java:1825) - {dataSource-1} closed
2021-02-22 17:41:05.914 [restartedMain] INFO  org.springframework.boot.StartupInfoLogger.logStarting(StartupInfoLogger.java:55) - Starting PlatformsApplication using Java 1.8.0_251 on DESKTOP-J7M966S with PID 11980 (D:\my_dream\platforms\target\classes started by www in D:\my_dream\platforms)
2021-02-22 17:41:05.915 [restartedMain] INFO  org.springframework.boot.SpringApplication.logStartupProfileInfo(SpringApplication.java:660) - No active profile set, falling back to default profiles: default
2021-02-22 17:41:06.228 [restartedMain] INFO  org.springframework.data.repository.config.RepositoryConfigurationDelegate.multipleStoresDetected(RepositoryConfigurationDelegate.java:250) - Multiple Spring Data modules found, entering strict repository configuration mode!
2021-02-22 17:41:06.228 [restartedMain] INFO  org.springframework.data.repository.config.RepositoryConfigurationDelegate.registerRepositoriesIn(RepositoryConfigurationDelegate.java:128) - Bootstrapping Spring Data JPA repositories in DEFAULT mode.
2021-02-22 17:41:06.232 [restartedMain] INFO  org.springframework.data.repository.config.RepositoryConfigurationDelegate.registerRepositoriesIn(RepositoryConfigurationDelegate.java:188) - Finished Spring Data repository scanning in 3 ms. Found 0 JPA repository interfaces.
2021-02-22 17:41:06.234 [restartedMain] INFO  org.springframework.data.repository.config.RepositoryConfigurationDelegate.multipleStoresDetected(RepositoryConfigurationDelegate.java:250) - Multiple Spring Data modules found, entering strict repository configuration mode!
2021-02-22 17:41:06.235 [restartedMain] INFO  org.springframework.data.repository.config.RepositoryConfigurationDelegate.registerRepositoriesIn(RepositoryConfigurationDelegate.java:128) - Bootstrapping Spring Data Redis repositories in DEFAULT mode.
2021-02-22 17:41:06.239 [restartedMain] INFO  org.springframework.data.repository.config.RepositoryConfigurationDelegate.registerRepositoriesIn(RepositoryConfigurationDelegate.java:188) - Finished Spring Data repository scanning in 3 ms. Found 0 Redis repository interfaces.
2021-02-22 17:41:06.409 [restartedMain] INFO  org.springframework.boot.web.embedded.tomcat.TomcatWebServer.initialize(TomcatWebServer.java:108) - Tomcat initialized with port(s): 8085 (http)
2021-02-22 17:41:06.409 [restartedMain] INFO  org.apache.juli.logging.DirectJDKLog.log(DirectJDKLog.java:173) - Initializing ProtocolHandler ["http-nio-8085"]
2021-02-22 17:41:06.410 [restartedMain] INFO  org.apache.juli.logging.DirectJDKLog.log(DirectJDKLog.java:173) - Starting service [Tomcat]
2021-02-22 17:41:06.410 [restartedMain] INFO  org.apache.juli.logging.DirectJDKLog.log(DirectJDKLog.java:173) - Starting Servlet engine: [Apache Tomcat/9.0.41]
2021-02-22 17:41:06.448 [restartedMain] INFO  org.apache.juli.logging.DirectJDKLog.log(DirectJDKLog.java:173) - Initializing Spring embedded WebApplicationContext
2021-02-22 17:41:06.449 [restartedMain] INFO  org.springframework.boot.web.servlet.context.ServletWebServerApplicationContext.prepareWebApplicationContext(ServletWebServerApplicationContext.java:289) - Root WebApplicationContext: initialization completed in 530 ms
2021-02-22 17:41:06.470 [restartedMain] INFO  com.alibaba.druid.spring.boot.autoconfigure.DruidDataSourceAutoConfigure.dataSource(DruidDataSourceAutoConfigure.java:56) - Init DruidDataSource
2021-02-22 17:41:06.510 [restartedMain] INFO  com.alibaba.druid.pool.DruidDataSource.init(DruidDataSource.java:930) - {dataSource-2} inited
2021-02-22 17:41:13.973 [restartedMain] INFO  org.hibernate.jpa.internal.util.LogHelper.logPersistenceUnitInformation(LogHelper.java:31) - HHH000204: Processing PersistenceUnitInfo [name: default]
2021-02-22 17:41:13.978 [restartedMain] INFO  org.hibernate.dialect.Dialect.<init>(Dialect.java:175) - HHH000400: Using dialect: org.hibernate.dialect.MySQL8Dialect
2021-02-22 17:41:13.985 [restartedMain] INFO  org.hibernate.engine.transaction.jta.platform.internal.JtaPlatformInitiator.initiateService(JtaPlatformInitiator.java:52) - HHH000490: Using JtaPlatform implementation: [org.hibernate.engine.transaction.jta.platform.internal.NoJtaPlatform]
2021-02-22 17:41:13.986 [restartedMain] INFO  org.springframework.orm.jpa.AbstractEntityManagerFactoryBean.buildNativeEntityManagerFactory(AbstractEntityManagerFactoryBean.java:437) - Initialized JPA EntityManagerFactory for persistence unit 'default'
2021-02-22 17:41:14.034 [restartedMain] WARN  org.springframework.boot.autoconfigure.orm.jpa.JpaBaseConfiguration$JpaWebConfiguration.openEntityManagerInViewInterceptor(JpaBaseConfiguration.java:221) - spring.jpa.open-in-view is enabled by default. Therefore, database queries may be performed during view rendering. Explicitly configure spring.jpa.open-in-view to disable this warning
2021-02-22 17:41:14.049 [restartedMain] INFO  org.springframework.scheduling.concurrent.ExecutorConfigurationSupport.initialize(ExecutorConfigurationSupport.java:181) - Initializing ExecutorService 'applicationTaskExecutor'
2021-02-22 17:41:14.117 [restartedMain] INFO  org.springframework.boot.devtools.autoconfigure.OptionalLiveReloadServer.startServer(OptionalLiveReloadServer.java:58) - LiveReload server is running on port 35729
2021-02-22 17:41:14.131 [restartedMain] INFO  org.apache.juli.logging.DirectJDKLog.log(DirectJDKLog.java:173) - Starting ProtocolHandler ["http-nio-8085"]
2021-02-22 17:41:14.133 [restartedMain] INFO  org.springframework.boot.web.embedded.tomcat.TomcatWebServer.start(TomcatWebServer.java:220) - Tomcat started on port(s): 8085 (http) with context path ''
2021-02-22 17:41:14.139 [restartedMain] INFO  org.springframework.boot.StartupInfoLogger.logStarted(StartupInfoLogger.java:61) - Started PlatformsApplication in 8.284 seconds (JVM running for 42.968)
2021-02-22 17:41:14.140 [restartedMain] INFO  org.springframework.boot.devtools.autoconfigure.ConditionEvaluationDeltaLoggingListener.onApplicationEvent(ConditionEvaluationDeltaLoggingListener.java:63) - Condition evaluation unchanged
2021-02-22 17:41:16.257 [Thread-21] INFO  org.springframework.scheduling.concurrent.ExecutorConfigurationSupport.shutdown(ExecutorConfigurationSupport.java:218) - Shutting down ExecutorService 'applicationTaskExecutor'
2021-02-22 17:41:16.258 [Thread-21] INFO  org.springframework.orm.jpa.AbstractEntityManagerFactoryBean.destroy(AbstractEntityManagerFactoryBean.java:651) - Closing JPA EntityManagerFactory for persistence unit 'default'
2021-02-22 17:41:16.260 [Thread-21] INFO  com.alibaba.druid.pool.DruidDataSource.close(DruidDataSource.java:1825) - {dataSource-2} closed
2021-02-22 17:41:16.445 [restartedMain] INFO  org.springframework.boot.StartupInfoLogger.logStarting(StartupInfoLogger.java:55) - Starting PlatformsApplication using Java 1.8.0_251 on DESKTOP-J7M966S with PID 11980 (D:\my_dream\platforms\target\classes started by www in D:\my_dream\platforms)
2021-02-22 17:41:16.447 [restartedMain] INFO  org.springframework.boot.SpringApplication.logStartupProfileInfo(SpringApplication.java:660) - No active profile set, falling back to default profiles: default
2021-02-22 17:41:16.597 [restartedMain] INFO  org.springframework.data.repository.config.RepositoryConfigurationDelegate.multipleStoresDetected(RepositoryConfigurationDelegate.java:250) - Multiple Spring Data modules found, entering strict repository configuration mode!
2021-02-22 17:41:16.598 [restartedMain] INFO  org.springframework.data.repository.config.RepositoryConfigurationDelegate.registerRepositoriesIn(RepositoryConfigurationDelegate.java:128) - Bootstrapping Spring Data JPA repositories in DEFAULT mode.
2021-02-22 17:41:16.602 [restartedMain] INFO  org.springframework.data.repository.config.RepositoryConfigurationDelegate.registerRepositoriesIn(RepositoryConfigurationDelegate.java:188) - Finished Spring Data repository scanning in 3 ms. Found 0 JPA repository interfaces.
2021-02-22 17:41:16.604 [restartedMain] INFO  org.springframework.data.repository.config.RepositoryConfigurationDelegate.multipleStoresDetected(RepositoryConfigurationDelegate.java:250) - Multiple Spring Data modules found, entering strict repository configuration mode!
2021-02-22 17:41:16.605 [restartedMain] INFO  org.springframework.data.repository.config.RepositoryConfigurationDelegate.registerRepositoriesIn(RepositoryConfigurationDelegate.java:128) - Bootstrapping Spring Data Redis repositories in DEFAULT mode.
2021-02-22 17:41:16.608 [restartedMain] INFO  org.springframework.data.repository.config.RepositoryConfigurationDelegate.registerRepositoriesIn(RepositoryConfigurationDelegate.java:188) - Finished Spring Data repository scanning in 3 ms. Found 0 Redis repository interfaces.
2021-02-22 17:41:16.685 [restartedMain] INFO  org.springframework.boot.web.embedded.tomcat.TomcatWebServer.initialize(TomcatWebServer.java:108) - Tomcat initialized with port(s): 8085 (http)
2021-02-22 17:41:16.686 [restartedMain] INFO  org.apache.juli.logging.DirectJDKLog.log(DirectJDKLog.java:173) - Initializing ProtocolHandler ["http-nio-8085"]
2021-02-22 17:41:16.686 [restartedMain] INFO  org.apache.juli.logging.DirectJDKLog.log(DirectJDKLog.java:173) - Starting service [Tomcat]
2021-02-22 17:41:16.686 [restartedMain] INFO  org.apache.juli.logging.DirectJDKLog.log(DirectJDKLog.java:173) - Starting Servlet engine: [Apache Tomcat/9.0.41]
2021-02-22 17:41:16.718 [restartedMain] INFO  org.apache.juli.logging.DirectJDKLog.log(DirectJDKLog.java:173) - Initializing Spring embedded WebApplicationContext
2021-02-22 17:41:16.718 [restartedMain] INFO  org.springframework.boot.web.servlet.context.ServletWebServerApplicationContext.prepareWebApplicationContext(ServletWebServerApplicationContext.java:289) - Root WebApplicationContext: initialization completed in 269 ms
2021-02-22 17:41:16.728 [restartedMain] INFO  com.alibaba.druid.spring.boot.autoconfigure.DruidDataSourceAutoConfigure.dataSource(DruidDataSourceAutoConfigure.java:56) - Init DruidDataSource
2021-02-22 17:41:16.756 [restartedMain] INFO  com.alibaba.druid.pool.DruidDataSource.init(DruidDataSource.java:930) - {dataSource-3} inited
2021-02-22 17:41:21.331 [restartedMain] INFO  org.hibernate.jpa.internal.util.LogHelper.logPersistenceUnitInformation(LogHelper.java:31) - HHH000204: Processing PersistenceUnitInfo [name: default]
2021-02-22 17:41:21.335 [restartedMain] INFO  org.hibernate.dialect.Dialect.<init>(Dialect.java:175) - HHH000400: Using dialect: org.hibernate.dialect.MySQL8Dialect
2021-02-22 17:41:21.341 [restartedMain] INFO  org.hibernate.engine.transaction.jta.platform.internal.JtaPlatformInitiator.initiateService(JtaPlatformInitiator.java:52) - HHH000490: Using JtaPlatform implementation: [org.hibernate.engine.transaction.jta.platform.internal.NoJtaPlatform]
2021-02-22 17:41:21.341 [restartedMain] INFO  org.springframework.orm.jpa.AbstractEntityManagerFactoryBean.buildNativeEntityManagerFactory(AbstractEntityManagerFactoryBean.java:437) - Initialized JPA EntityManagerFactory for persistence unit 'default'
2021-02-22 17:41:21.382 [restartedMain] WARN  org.springframework.boot.autoconfigure.orm.jpa.JpaBaseConfiguration$JpaWebConfiguration.openEntityManagerInViewInterceptor(JpaBaseConfiguration.java:221) - spring.jpa.open-in-view is enabled by default. Therefore, database queries may be performed during view rendering. Explicitly configure spring.jpa.open-in-view to disable this warning
2021-02-22 17:41:21.395 [restartedMain] INFO  org.springframework.scheduling.concurrent.ExecutorConfigurationSupport.initialize(ExecutorConfigurationSupport.java:181) - Initializing ExecutorService 'applicationTaskExecutor'
2021-02-22 17:41:21.470 [restartedMain] INFO  org.springframework.boot.devtools.autoconfigure.OptionalLiveReloadServer.startServer(OptionalLiveReloadServer.java:58) - LiveReload server is running on port 35729
2021-02-22 17:41:21.485 [restartedMain] INFO  org.apache.juli.logging.DirectJDKLog.log(DirectJDKLog.java:173) - Starting ProtocolHandler ["http-nio-8085"]
2021-02-22 17:41:21.487 [restartedMain] INFO  org.springframework.boot.web.embedded.tomcat.TomcatWebServer.start(TomcatWebServer.java:220) - Tomcat started on port(s): 8085 (http) with context path ''
2021-02-22 17:41:21.491 [restartedMain] INFO  org.springframework.boot.StartupInfoLogger.logStarted(StartupInfoLogger.java:61) - Started PlatformsApplication in 5.086 seconds (JVM running for 50.32)
2021-02-22 17:41:21.492 [restartedMain] INFO  org.springframework.boot.devtools.autoconfigure.ConditionEvaluationDeltaLoggingListener.onApplicationEvent(ConditionEvaluationDeltaLoggingListener.java:63) - Condition evaluation unchanged
2021-02-22 17:52:10.694 [restartedMain] INFO  org.springframework.boot.StartupInfoLogger.logStarting(StartupInfoLogger.java:55) - Starting PlatformsApplication using Java 1.8.0_251 on DESKTOP-J7M966S with PID 18624 (D:\my_dream\platforms\target\classes started by www in D:\my_dream\platforms)
2021-02-22 17:52:10.736 [restartedMain] INFO  org.springframework.boot.SpringApplication.logStartupProfileInfo(SpringApplication.java:660) - No active profile set, falling back to default profiles: default
2021-02-22 17:52:10.775 [restartedMain] INFO  org.springframework.boot.logging.DeferredLog.logTo(DeferredLog.java:255) - Devtools property defaults active! Set 'spring.devtools.add-properties' to 'false' to disable
2021-02-22 17:52:10.776 [restartedMain] INFO  org.springframework.boot.logging.DeferredLog.logTo(DeferredLog.java:255) - For additional web related logging consider setting the 'logging.level.web' property to 'DEBUG'
2021-02-22 17:52:11.443 [restartedMain] INFO  org.springframework.data.repository.config.RepositoryConfigurationDelegate.multipleStoresDetected(RepositoryConfigurationDelegate.java:250) - Multiple Spring Data modules found, entering strict repository configuration mode!
2021-02-22 17:52:11.443 [restartedMain] INFO  org.springframework.data.repository.config.RepositoryConfigurationDelegate.registerRepositoriesIn(RepositoryConfigurationDelegate.java:128) - Bootstrapping Spring Data JPA repositories in DEFAULT mode.
2021-02-22 17:52:11.458 [restartedMain] INFO  org.springframework.data.repository.config.RepositoryConfigurationDelegate.registerRepositoriesIn(RepositoryConfigurationDelegate.java:188) - Finished Spring Data repository scanning in 8 ms. Found 0 JPA repository interfaces.
2021-02-22 17:52:11.471 [restartedMain] INFO  org.springframework.data.repository.config.RepositoryConfigurationDelegate.multipleStoresDetected(RepositoryConfigurationDelegate.java:250) - Multiple Spring Data modules found, entering strict repository configuration mode!
2021-02-22 17:52:11.472 [restartedMain] INFO  org.springframework.data.repository.config.RepositoryConfigurationDelegate.registerRepositoriesIn(RepositoryConfigurationDelegate.java:128) - Bootstrapping Spring Data Redis repositories in DEFAULT mode.
2021-02-22 17:52:11.484 [restartedMain] INFO  org.springframework.data.repository.config.RepositoryConfigurationDelegate.registerRepositoriesIn(RepositoryConfigurationDelegate.java:188) - Finished Spring Data repository scanning in 4 ms. Found 0 Redis repository interfaces.
2021-02-22 17:52:12.039 [restartedMain] INFO  org.springframework.boot.web.embedded.tomcat.TomcatWebServer.initialize(TomcatWebServer.java:108) - Tomcat initialized with port(s): 8085 (http)
2021-02-22 17:52:12.048 [restartedMain] INFO  org.apache.juli.logging.DirectJDKLog.log(DirectJDKLog.java:173) - Initializing ProtocolHandler ["http-nio-8085"]
2021-02-22 17:52:12.048 [restartedMain] INFO  org.apache.juli.logging.DirectJDKLog.log(DirectJDKLog.java:173) - Starting service [Tomcat]
2021-02-22 17:52:12.049 [restartedMain] INFO  org.apache.juli.logging.DirectJDKLog.log(DirectJDKLog.java:173) - Starting Servlet engine: [Apache Tomcat/9.0.41]
2021-02-22 17:52:12.221 [restartedMain] INFO  org.apache.juli.logging.DirectJDKLog.log(DirectJDKLog.java:173) - Initializing Spring embedded WebApplicationContext
2021-02-22 17:52:12.221 [restartedMain] INFO  org.springframework.boot.web.servlet.context.ServletWebServerApplicationContext.prepareWebApplicationContext(ServletWebServerApplicationContext.java:289) - Root WebApplicationContext: initialization completed in 1444 ms
2021-02-22 17:52:12.296 [restartedMain] INFO  com.alibaba.druid.spring.boot.autoconfigure.DruidDataSourceAutoConfigure.dataSource(DruidDataSourceAutoConfigure.java:56) - Init DruidDataSource
2021-02-22 17:52:12.412 [restartedMain] INFO  com.alibaba.druid.pool.DruidDataSource.init(DruidDataSource.java:930) - {dataSource-1} inited
2021-02-22 17:52:15.011 [restartedMain] INFO  org.hibernate.jpa.internal.util.LogHelper.logPersistenceUnitInformation(LogHelper.java:31) - HHH000204: Processing PersistenceUnitInfo [name: default]
2021-02-22 17:52:15.057 [restartedMain] INFO  org.hibernate.Version.logVersion(Version.java:44) - HHH000412: Hibernate ORM core version 5.4.27.Final
2021-02-22 17:52:15.167 [restartedMain] INFO  org.hibernate.annotations.common.reflection.java.JavaReflectionManager.<clinit>(JavaReflectionManager.java:56) - HCANN000001: Hibernate Commons Annotations {5.1.2.Final}
2021-02-22 17:52:15.269 [restartedMain] INFO  org.hibernate.dialect.Dialect.<init>(Dialect.java:175) - HHH000400: Using dialect: org.hibernate.dialect.MySQL8Dialect
2021-02-22 17:52:15.446 [restartedMain] INFO  org.hibernate.engine.transaction.jta.platform.internal.JtaPlatformInitiator.initiateService(JtaPlatformInitiator.java:52) - HHH000490: Using JtaPlatform implementation: [org.hibernate.engine.transaction.jta.platform.internal.NoJtaPlatform]
2021-02-22 17:52:15.457 [restartedMain] INFO  org.springframework.orm.jpa.AbstractEntityManagerFactoryBean.buildNativeEntityManagerFactory(AbstractEntityManagerFactoryBean.java:437) - Initialized JPA EntityManagerFactory for persistence unit 'default'
2021-02-22 17:52:15.722 [restartedMain] WARN  org.springframework.boot.autoconfigure.orm.jpa.JpaBaseConfiguration$JpaWebConfiguration.openEntityManagerInViewInterceptor(JpaBaseConfiguration.java:221) - spring.jpa.open-in-view is enabled by default. Therefore, database queries may be performed during view rendering. Explicitly configure spring.jpa.open-in-view to disable this warning
2021-02-22 17:52:15.771 [restartedMain] INFO  org.springframework.scheduling.concurrent.ExecutorConfigurationSupport.initialize(ExecutorConfigurationSupport.java:181) - Initializing ExecutorService 'applicationTaskExecutor'
2021-02-22 17:52:16.260 [restartedMain] INFO  org.springframework.boot.devtools.autoconfigure.OptionalLiveReloadServer.startServer(OptionalLiveReloadServer.java:58) - LiveReload server is running on port 35729
2021-02-22 17:52:16.286 [restartedMain] INFO  org.apache.juli.logging.DirectJDKLog.log(DirectJDKLog.java:173) - Starting ProtocolHandler ["http-nio-8085"]
2021-02-22 17:52:16.303 [restartedMain] INFO  org.springframework.boot.web.embedded.tomcat.TomcatWebServer.start(TomcatWebServer.java:220) - Tomcat started on port(s): 8085 (http) with context path ''
2021-02-22 17:52:16.311 [restartedMain] INFO  org.springframework.boot.StartupInfoLogger.logStarted(StartupInfoLogger.java:61) - Started PlatformsApplication in 6.247 seconds (JVM running for 8.267)
